<?xml version="1.0" encoding="UTF-8"?>
<!-- Generated by org.testng.reporters.JUnitReportReporter -->
<testsuite hostname="DESKTOP-6EBHN51" failures="0" tests="1" name="testpack.Signupwithcaseload" time="4.192" errors="0" timestamp="2024-10-22T12:58:22 IST" skipped="0">
  <testcase classname="testpack.Signupwithcaseload" name="testSignUpFlow" time="4.192"/>
</testsuite> <!-- testpack.Signupwithcaseload -->
